[debug] [2018-06-10T20:46:40.122Z] ----------------------------------------------------------------------
[debug] [2018-06-10T20:46:40.125Z] Command:       C:\Program Files\nodejs\node.exe C:\Users\Jeff\AppData\Roaming\npm\node_modules\firebase-tools\bin\firebase deploy --only functions
[debug] [2018-06-10T20:46:40.126Z] CLI Version:   3.18.6
[debug] [2018-06-10T20:46:40.126Z] Platform:      win32
[debug] [2018-06-10T20:46:40.126Z] Node Version:  v10.4.0
[debug] [2018-06-10T20:46:40.127Z] Time:          Sun Jun 10 2018 16:46:40 GMT-0400 (Eastern Daylight Time)
[debug] [2018-06-10T20:46:40.127Z] ----------------------------------------------------------------------
[debug] 
[debug] [2018-06-10T20:46:40.141Z] > command requires scopes: ["email","openid","https://www.googleapis.com/auth/cloudplatformprojects.readonly","https://www.googleapis.com/auth/firebase","https://www.googleapis.com/auth/cloud-platform"]
[debug] [2018-06-10T20:46:40.143Z] > authorizing via signed-in user
[debug] [2018-06-10T20:46:40.145Z] >>> HTTP REQUEST GET https://admin.firebase.com/v1/projects/board-game-night-planner  
  
 Sun Jun 10 2018 16:46:40 GMT-0400 (Eastern Daylight Time)
[debug] [2018-06-10T20:46:40.640Z] <<< HTTP RESPONSE 200
[debug] [2018-06-10T20:46:40.643Z] >>> HTTP REQUEST GET https://admin.firebase.com/v1/database/board-game-night-planner/tokens  
  
 Sun Jun 10 2018 16:46:40 GMT-0400 (Eastern Daylight Time)
[debug] [2018-06-10T20:46:41.076Z] <<< HTTP RESPONSE 200
[info] 
[info] === Deploying to 'board-game-night-planner'...
[info] 
[info] i  deploying functions
[debug] [2018-06-10T20:46:41.524Z] TypeError [ERR_INVALID_ARG_TYPE]: The "path" argument must be of type string. Received type undefined
    at assertPath (path.js:39:11)
    at Object.join (path.js:434:7)
    at Config.path (C:\Users\Jeff\AppData\Roaming\npm\node_modules\firebase-tools\lib\config.js:166:37)
    at C:\Users\Jeff\AppData\Roaming\npm\node_modules\firebase-tools\lib\deploy\lifecycleHooks.js:68:38
    at _chain (C:\Users\Jeff\AppData\Roaming\npm\node_modules\firebase-tools\lib\deploy\index.js:26:38)
    at deploy (C:\Users\Jeff\AppData\Roaming\npm\node_modules\firebase-tools\lib\deploy\index.js:81:10)
    at Command._action (C:\Users\Jeff\AppData\Roaming\npm\node_modules\firebase-tools\commands\deploy.js:53:12)
    at C:\Users\Jeff\AppData\Roaming\npm\node_modules\firebase-tools\lib\command.js:200:29
    at process._tickCallback (internal/process/next_tick.js:68:7)
[error] 
[error] Error: An unexpected error has occurred.
